This is pdfTeX, Version 3.14159265-2.6-1.40.18 (TeX Live 2017/Debian) (preloaded format=pdflatex 2020.4.23)  27 APR 2020 19:40
entering extended mode
 restricted \write18 enabled.
 %&-line parsing enabled.
**corona_report.tex
(./corona_report.tex
LaTeX2e <2017-04-15>
Babel <3.18> and hyphenation patterns for 8 language(s) loaded.
(/usr/share/texlive/texmf-dist/tex/latex/base/article.cls
Document Class: article 2014/09/29 v1.4h Standard LaTeX document class
(/usr/share/texlive/texmf-dist/tex/latex/base/size10.clo
File: size10.clo 2014/09/29 v1.4h Standard LaTeX file (size option)
)
\c@part=\count79
\c@section=\count80
\c@subsection=\count81
\c@subsubsection=\count82
\c@paragraph=\count83
\c@subparagraph=\count84
\c@figure=\count85
\c@table=\count86
\abovecaptionskip=\skip41
\belowcaptionskip=\skip42
\bibindent=\dimen102
)
(/usr/share/texlive/texmf-dist/tex/latex/graphics/graphicx.sty
Package: graphicx 2017/06/01 v1.1a Enhanced LaTeX Graphics (DPC,SPQR)

(/usr/share/texlive/texmf-dist/tex/latex/graphics/keyval.sty
Package: keyval 2014/10/28 v1.15 key=value parser (DPC)
\KV@toks@=\toks14
)
(/usr/share/texlive/texmf-dist/tex/latex/graphics/graphics.sty
Package: graphics 2017/06/25 v1.2c Standard LaTeX Graphics (DPC,SPQR)

(/usr/share/texlive/texmf-dist/tex/latex/graphics/trig.sty
Package: trig 2016/01/03 v1.10 sin cos tan (DPC)
)
(/usr/share/texlive/texmf-dist/tex/latex/graphics-cfg/graphics.cfg
File: graphics.cfg 2016/06/04 v1.11 sample graphics configuration
)
Package graphics Info: Driver file: pdftex.def on input line 99.

(/usr/share/texlive/texmf-dist/tex/latex/graphics-def/pdftex.def
File: pdftex.def 2018/01/08 v1.0l Graphics/color driver for pdftex
))
\Gin@req@height=\dimen103
\Gin@req@width=\dimen104
)
(/usr/share/texlive/texmf-dist/tex/latex/tools/verbatim.sty
Package: verbatim 2014/10/28 v1.5q LaTeX2e package for verbatim enhancements
\every@verbatim=\toks15
\verbatim@line=\toks16
\verbatim@in@stream=\read1
)
(/usr/share/texlive/texmf-dist/tex/latex/amscls/amsthm.sty
Package: amsthm 2017/10/31 v2.20.4
\thm@style=\toks17
\thm@bodyfont=\toks18
\thm@headfont=\toks19
\thm@notefont=\toks20
\thm@headpunct=\toks21
\thm@preskip=\skip43
\thm@postskip=\skip44
\thm@headsep=\skip45
\dth@everypar=\toks22
)
(/usr/share/texlive/texmf-dist/tex/latex/amsfonts/amssymb.sty
Package: amssymb 2013/01/14 v3.01 AMS font symbols

(/usr/share/texlive/texmf-dist/tex/latex/amsfonts/amsfonts.sty
Package: amsfonts 2013/01/14 v3.01 Basic AMSFonts support
\@emptytoks=\toks23
\symAMSa=\mathgroup4
\symAMSb=\mathgroup5
LaTeX Font Info:    Overwriting math alphabet `\mathfrak' in version `bold'
(Font)                  U/euf/m/n --> U/euf/b/n on input line 106.
))
(/usr/share/texlive/texmf-dist/tex/latex/amsmath/amsmath.sty
Package: amsmath 2017/09/02 v2.17a AMS math features
\@mathmargin=\skip46

For additional information on amsmath, use the `?' option.
(/usr/share/texlive/texmf-dist/tex/latex/amsmath/amstext.sty
Package: amstext 2000/06/29 v2.01 AMS text

(/usr/share/texlive/texmf-dist/tex/latex/amsmath/amsgen.sty
File: amsgen.sty 1999/11/30 v2.0 generic functions
\@emptytoks=\toks24
\ex@=\dimen105
))
(/usr/share/texlive/texmf-dist/tex/latex/amsmath/amsbsy.sty
Package: amsbsy 1999/11/29 v1.2d Bold Symbols
\pmbraise@=\dimen106
)
(/usr/share/texlive/texmf-dist/tex/latex/amsmath/amsopn.sty
Package: amsopn 2016/03/08 v2.02 operator names
)
\inf@bad=\count87
LaTeX Info: Redefining \frac on input line 213.
\uproot@=\count88
\leftroot@=\count89
LaTeX Info: Redefining \overline on input line 375.
\classnum@=\count90
\DOTSCASE@=\count91
LaTeX Info: Redefining \ldots on input line 472.
LaTeX Info: Redefining \dots on input line 475.
LaTeX Info: Redefining \cdots on input line 596.
\Mathstrutbox@=\box26
\strutbox@=\box27
\big@size=\dimen107
LaTeX Font Info:    Redeclaring font encoding OML on input line 712.
LaTeX Font Info:    Redeclaring font encoding OMS on input line 713.
\macc@depth=\count92
\c@MaxMatrixCols=\count93
\dotsspace@=\muskip10
\c@parentequation=\count94
\dspbrk@lvl=\count95
\tag@help=\toks25
\row@=\count96
\column@=\count97
\maxfields@=\count98
\andhelp@=\toks26
\eqnshift@=\dimen108
\alignsep@=\dimen109
\tagshift@=\dimen110
\tagwidth@=\dimen111
\totwidth@=\dimen112
\lineht@=\dimen113
\@envbody=\toks27
\multlinegap=\skip47
\multlinetaggap=\skip48
\mathdisplay@stack=\toks28
LaTeX Info: Redefining \[ on input line 2817.
LaTeX Info: Redefining \] on input line 2818.
)
\c@deff=\count99

(/usr/share/texlive/texmf-dist/tex/latex/caption/subcaption.sty
Package: subcaption 2016/05/22 v1.1-161 Sub-captions (AR)

(/usr/share/texlive/texmf-dist/tex/latex/caption/caption.sty
Package: caption 2016/02/21 v3.3-144 Customizing captions (AR)

(/usr/share/texlive/texmf-dist/tex/latex/caption/caption3.sty
Package: caption3 2016/05/22 v1.7-166 caption3 kernel (AR)
Package caption3 Info: TeX engine: e-TeX on input line 67.
\captionmargin=\dimen114
\captionmargin@=\dimen115
\captionwidth=\dimen116
\caption@tempdima=\dimen117
\caption@indent=\dimen118
\caption@parindent=\dimen119
\caption@hangindent=\dimen120
)
\c@ContinuedFloat=\count100
)
\c@subfigure=\count101
\c@subtable=\count102
)
\c@definition=\count103
\c@Proposition=\count104


LaTeX Warning: Unused global option(s):
    [8pt].

(./corona_report.aux)
\openout1 = `corona_report.aux'.

LaTeX Font Info:    Checking defaults for OML/cmm/m/it on input line 21.
LaTeX Font Info:    ... okay on input line 21.
LaTeX Font Info:    Checking defaults for T1/cmr/m/n on input line 21.
LaTeX Font Info:    ... okay on input line 21.
LaTeX Font Info:    Checking defaults for OT1/cmr/m/n on input line 21.
LaTeX Font Info:    ... okay on input line 21.
LaTeX Font Info:    Checking defaults for OMS/cmsy/m/n on input line 21.
LaTeX Font Info:    ... okay on input line 21.
LaTeX Font Info:    Checking defaults for OMX/cmex/m/n on input line 21.
LaTeX Font Info:    ... okay on input line 21.
LaTeX Font Info:    Checking defaults for U/cmr/m/n on input line 21.
LaTeX Font Info:    ... okay on input line 21.

(/usr/share/texlive/texmf-dist/tex/context/base/mkii/supp-pdf.mkii
[Loading MPS to PDF converter (version 2006.09.02).]
\scratchcounter=\count105
\scratchdimen=\dimen121
\scratchbox=\box28
\nofMPsegments=\count106
\nofMParguments=\count107
\everyMPshowfont=\toks29
\MPscratchCnt=\count108
\MPscratchDim=\dimen122
\MPnumerator=\count109
\makeMPintoPDFobject=\count110
\everyMPtoPDFconversion=\toks30
) (/usr/share/texlive/texmf-dist/tex/latex/oberdiek/epstopdf-base.sty
Package: epstopdf-base 2016/05/15 v2.6 Base part for package epstopdf

(/usr/share/texlive/texmf-dist/tex/generic/oberdiek/infwarerr.sty
Package: infwarerr 2016/05/16 v1.4 Providing info/warning/error messages (HO)
)
(/usr/share/texlive/texmf-dist/tex/latex/oberdiek/grfext.sty
Package: grfext 2016/05/16 v1.2 Manage graphics extensions (HO)

(/usr/share/texlive/texmf-dist/tex/generic/oberdiek/kvdefinekeys.sty
Package: kvdefinekeys 2016/05/16 v1.4 Define keys (HO)

(/usr/share/texlive/texmf-dist/tex/generic/oberdiek/ltxcmds.sty
Package: ltxcmds 2016/05/16 v1.23 LaTeX kernel commands for general use (HO)
)))
(/usr/share/texlive/texmf-dist/tex/latex/oberdiek/kvoptions.sty
Package: kvoptions 2016/05/16 v3.12 Key value format for package options (HO)

(/usr/share/texlive/texmf-dist/tex/generic/oberdiek/kvsetkeys.sty
Package: kvsetkeys 2016/05/16 v1.17 Key value parser (HO)

(/usr/share/texlive/texmf-dist/tex/generic/oberdiek/etexcmds.sty
Package: etexcmds 2016/05/16 v1.6 Avoid name clashes with e-TeX commands (HO)

(/usr/share/texlive/texmf-dist/tex/generic/oberdiek/ifluatex.sty
Package: ifluatex 2016/05/16 v1.4 Provides the ifluatex switch (HO)
Package ifluatex Info: LuaTeX not detected.
)
Package etexcmds Info: Could not find \expanded.
(etexcmds)             That can mean that you are not using pdfTeX 1.50 or
(etexcmds)             that some package has redefined \expanded.
(etexcmds)             In the latter case, load this package earlier.
)))
(/usr/share/texlive/texmf-dist/tex/generic/oberdiek/pdftexcmds.sty
Package: pdftexcmds 2018/01/21 v0.26 Utility functions of pdfTeX for LuaTeX (HO
)

(/usr/share/texlive/texmf-dist/tex/generic/oberdiek/ifpdf.sty
Package: ifpdf 2017/03/15 v3.2 Provides the ifpdf switch
)
Package pdftexcmds Info: LuaTeX not detected.
Package pdftexcmds Info: \pdf@primitive is available.
Package pdftexcmds Info: \pdf@ifprimitive is available.
Package pdftexcmds Info: \pdfdraftmode found.
)
Package epstopdf-base Info: Redefining graphics rule for `.eps' on input line 4
38.
Package grfext Info: Graphics extension search list:
(grfext)             [.pdf,.png,.jpg,.mps,.jpeg,.jbig2,.jb2,.PDF,.PNG,.JPG,.JPE
G,.JBIG2,.JB2,.eps]
(grfext)             \AppendGraphicsExtensions on input line 456.

(/usr/share/texlive/texmf-dist/tex/latex/latexconfig/epstopdf-sys.cfg
File: epstopdf-sys.cfg 2010/07/13 v1.3 Configuration of (r)epstopdf for TeX Liv
e
))
Package caption Info: Begin \AtBeginDocument code.
Package caption Info: End \AtBeginDocument code.
LaTeX Font Info:    Try loading font information for U+msa on input line 22.

(/usr/share/texlive/texmf-dist/tex/latex/amsfonts/umsa.fd
File: umsa.fd 2013/01/14 v3.01 AMS symbols A
)
LaTeX Font Info:    Try loading font information for U+msb on input line 22.

(/usr/share/texlive/texmf-dist/tex/latex/amsfonts/umsb.fd
File: umsb.fd 2013/01/14 v3.01 AMS symbols B
)

LaTeX Warning: No \author given.

[1

{/var/lib/texmf/fonts/map/pdftex/updmap/pdftex.map}] [2] [3] [4] [5] [6]
[7]
<../de_r_d/posterior.pdf, id=42, 642.4pt x 481.8pt>
File: ../de_r_d/posterior.pdf Graphic file (type pdf)
<use ../de_r_d/posterior.pdf>
Package pdftex.def Info: ../de_r_d/posterior.pdf  used on input line 1127.
(pdftex.def)             Requested size: 155.24895pt x 116.43568pt.
<../de_r_t/posterior.pdf, id=43, 642.4pt x 481.8pt>
File: ../de_r_t/posterior.pdf Graphic file (type pdf)
<use ../de_r_t/posterior.pdf>
Package pdftex.def Info: ../de_r_t/posterior.pdf  used on input line 1130.
(pdftex.def)             Requested size: 155.24895pt x 116.43568pt.


LaTeX Warning: `!h' float specifier changed to `!ht'.

<../de_r_d/prediction.pdf, id=44, 642.4pt x 481.8pt>
File: ../de_r_d/prediction.pdf Graphic file (type pdf)
<use ../de_r_d/prediction.pdf>
Package pdftex.def Info: ../de_r_d/prediction.pdf  used on input line 1145.
(pdftex.def)             Requested size: 165.59853pt x 124.19905pt.
<../de_r_t/prediction.pdf, id=45, 642.4pt x 481.8pt>
File: ../de_r_t/prediction.pdf Graphic file (type pdf)
<use ../de_r_t/prediction.pdf>
Package pdftex.def Info: ../de_r_t/prediction.pdf  used on input line 1148.
(pdftex.def)             Requested size: 165.59853pt x 124.19905pt.

LaTeX Warning: `!h' float specifier changed to `!ht'.

<../it_r_d/posterior.pdf, id=46, 642.4pt x 481.8pt>
File: ../it_r_d/posterior.pdf Graphic file (type pdf)
<use ../it_r_d/posterior.pdf>
Package pdftex.def Info: ../it_r_d/posterior.pdf  used on input line 1157.
(pdftex.def)             Requested size: 165.59853pt x 124.19905pt.
<../it_r_t/posterior.pdf, id=47, 642.4pt x 481.8pt>
File: ../it_r_t/posterior.pdf Graphic file (type pdf)
<use ../it_r_t/posterior.pdf>
Package pdftex.def Info: ../it_r_t/posterior.pdf  used on input line 1160.
(pdftex.def)             Requested size: 165.59853pt x 124.19905pt.

LaTeX Warning: `!h' float specifier changed to `!ht'.

<../de_g_d/posterior.pdf, id=48, 642.4pt x 481.8pt>
File: ../de_g_d/posterior.pdf Graphic file (type pdf)
<use ../de_g_d/posterior.pdf>
Package pdftex.def Info: ../de_g_d/posterior.pdf  used on input line 1176.
(pdftex.def)             Requested size: 172.5pt x 129.37462pt.
<../de_g_d/prediction.pdf, id=49, 642.4pt x 481.8pt>
File: ../de_g_d/prediction.pdf Graphic file (type pdf)
<use ../de_g_d/prediction.pdf>
Package pdftex.def Info: ../de_g_d/prediction.pdf  used on input line 1179.
(pdftex.def)             Requested size: 165.59853pt x 124.19905pt.
<../de_g_d/peak/peak_prediction.pdf, id=50, 642.4pt x 481.8pt>
File: ../de_g_d/peak/peak_prediction.pdf Graphic file (type pdf)
<use ../de_g_d/peak/peak_prediction.pdf>
Package pdftex.def Info: ../de_g_d/peak/peak_prediction.pdf  used on input line
 1182.
(pdftex.def)             Requested size: 165.59853pt x 124.19905pt.

LaTeX Warning: `!h' float specifier changed to `!ht'.

<../de_l_d/posterior.pdf, id=51, 642.4pt x 481.8pt>
File: ../de_l_d/posterior.pdf Graphic file (type pdf)
<use ../de_l_d/posterior.pdf>
Package pdftex.def Info: ../de_l_d/posterior.pdf  used on input line 1195.
(pdftex.def)             Requested size: 172.5pt x 129.37462pt.
<../de_l_d/prediction.pdf, id=52, 642.4pt x 481.8pt>
File: ../de_l_d/prediction.pdf Graphic file (type pdf)
<use ../de_l_d/prediction.pdf>
Package pdftex.def Info: ../de_l_d/prediction.pdf  used on input line 1198.
(pdftex.def)             Requested size: 165.59853pt x 124.19905pt.
<../de_l_d/peak/peak_prediction.pdf, id=53, 642.4pt x 481.8pt>
File: ../de_l_d/peak/peak_prediction.pdf Graphic file (type pdf)
<use ../de_l_d/peak/peak_prediction.pdf>
Package pdftex.def Info: ../de_l_d/peak/peak_prediction.pdf  used on input line
 1201.
(pdftex.def)             Requested size: 165.59853pt x 124.19905pt.

LaTeX Warning: `!h' float specifier changed to `!ht'.

<../de_g_t/posterior.pdf, id=54, 642.4pt x 481.8pt>
File: ../de_g_t/posterior.pdf Graphic file (type pdf)
<use ../de_g_t/posterior.pdf>
Package pdftex.def Info: ../de_g_t/posterior.pdf  used on input line 1213.
(pdftex.def)             Requested size: 172.5pt x 129.37462pt.
<../de_g_t/prediction.pdf, id=55, 642.4pt x 481.8pt>
File: ../de_g_t/prediction.pdf Graphic file (type pdf)
<use ../de_g_t/prediction.pdf>
Package pdftex.def Info: ../de_g_t/prediction.pdf  used on input line 1216.
(pdftex.def)             Requested size: 165.59853pt x 124.19905pt.
<../de_g_t/peak/peak_prediction.pdf, id=56, 642.4pt x 481.8pt>
File: ../de_g_t/peak/peak_prediction.pdf Graphic file (type pdf)
<use ../de_g_t/peak/peak_prediction.pdf>
Package pdftex.def Info: ../de_g_t/peak/peak_prediction.pdf  used on input line
 1219.
(pdftex.def)             Requested size: 165.59853pt x 124.19905pt.

LaTeX Warning: `!h' float specifier changed to `!ht'.

<../de_l_t/posterior.pdf, id=57, 642.4pt x 481.8pt>
File: ../de_l_t/posterior.pdf Graphic file (type pdf)
<use ../de_l_t/posterior.pdf>
Package pdftex.def Info: ../de_l_t/posterior.pdf  used on input line 1232.
(pdftex.def)             Requested size: 172.5pt x 129.37462pt.
<../de_l_t/prediction.pdf, id=58, 642.4pt x 481.8pt>
File: ../de_l_t/prediction.pdf Graphic file (type pdf)
<use ../de_l_t/prediction.pdf>
Package pdftex.def Info: ../de_l_t/prediction.pdf  used on input line 1234.
(pdftex.def)             Requested size: 165.59853pt x 124.19905pt.
<../de_l_t/peak/peak_prediction.pdf, id=59, 642.4pt x 481.8pt>
File: ../de_l_t/peak/peak_prediction.pdf Graphic file (type pdf)
<use ../de_l_t/peak/peak_prediction.pdf>
Package pdftex.def Info: ../de_l_t/peak/peak_prediction.pdf  used on input line
 1237.
(pdftex.def)             Requested size: 165.59853pt x 124.19905pt.

LaTeX Warning: `!h' float specifier changed to `!ht'.

<../it_g_d/posterior.pdf, id=60, 642.4pt x 481.8pt>
File: ../it_g_d/posterior.pdf Graphic file (type pdf)
<use ../it_g_d/posterior.pdf>
Package pdftex.def Info: ../it_g_d/posterior.pdf  used on input line 1250.
(pdftex.def)             Requested size: 172.5pt x 129.37462pt.
<../it_g_d/prediction.pdf, id=61, 642.4pt x 481.8pt>
File: ../it_g_d/prediction.pdf Graphic file (type pdf)
<use ../it_g_d/prediction.pdf>
Package pdftex.def Info: ../it_g_d/prediction.pdf  used on input line 1253.
(pdftex.def)             Requested size: 165.59853pt x 124.19905pt.
<../it_g_d/peak/peak_prediction.pdf, id=62, 642.4pt x 481.8pt>
File: ../it_g_d/peak/peak_prediction.pdf Graphic file (type pdf)
<use ../it_g_d/peak/peak_prediction.pdf>
Package pdftex.def Info: ../it_g_d/peak/peak_prediction.pdf  used on input line
 1256.
(pdftex.def)             Requested size: 165.59853pt x 124.19905pt.

LaTeX Warning: `!h' float specifier changed to `!ht'.

<../it_l_d/posterior.pdf, id=63, 642.4pt x 481.8pt>
File: ../it_l_d/posterior.pdf Graphic file (type pdf)
<use ../it_l_d/posterior.pdf>
Package pdftex.def Info: ../it_l_d/posterior.pdf  used on input line 1268.
(pdftex.def)             Requested size: 172.5pt x 129.37462pt.
<../it_l_d/prediction.pdf, id=64, 642.4pt x 481.8pt>
File: ../it_l_d/prediction.pdf Graphic file (type pdf)
<use ../it_l_d/prediction.pdf>
Package pdftex.def Info: ../it_l_d/prediction.pdf  used on input line 1270.
(pdftex.def)             Requested size: 165.59853pt x 124.19905pt.
<../it_l_d/peak/peak_prediction.pdf, id=65, 642.4pt x 481.8pt>
File: ../it_l_d/peak/peak_prediction.pdf Graphic file (type pdf)
<use ../it_l_d/peak/peak_prediction.pdf>
Package pdftex.def Info: ../it_l_d/peak/peak_prediction.pdf  used on input line
 1273.
(pdftex.def)             Requested size: 165.59853pt x 124.19905pt.

LaTeX Warning: `!h' float specifier changed to `!ht'.

<../it_g_t/posterior.pdf, id=66, 642.4pt x 481.8pt>
File: ../it_g_t/posterior.pdf Graphic file (type pdf)
<use ../it_g_t/posterior.pdf>
Package pdftex.def Info: ../it_g_t/posterior.pdf  used on input line 1284.
(pdftex.def)             Requested size: 172.5pt x 129.37462pt.
<../it_g_t/prediction.pdf, id=67, 642.4pt x 481.8pt>
File: ../it_g_t/prediction.pdf Graphic file (type pdf)
<use ../it_g_t/prediction.pdf>
Package pdftex.def Info: ../it_g_t/prediction.pdf  used on input line 1287.
(pdftex.def)             Requested size: 165.59853pt x 124.19905pt.
<../it_g_t/peak/peak_prediction.pdf, id=68, 642.4pt x 481.8pt>
File: ../it_g_t/peak/peak_prediction.pdf Graphic file (type pdf)
<use ../it_g_t/peak/peak_prediction.pdf>
Package pdftex.def Info: ../it_g_t/peak/peak_prediction.pdf  used on input line
 1290.
(pdftex.def)             Requested size: 165.59853pt x 124.19905pt.

LaTeX Warning: `!h' float specifier changed to `!ht'.

<../it_l_t/posterior.pdf, id=69, 642.4pt x 481.8pt>
File: ../it_l_t/posterior.pdf Graphic file (type pdf)
<use ../it_l_t/posterior.pdf>
Package pdftex.def Info: ../it_l_t/posterior.pdf  used on input line 1302.
(pdftex.def)             Requested size: 172.5pt x 129.37462pt.
<../it_l_t/prediction.pdf, id=70, 642.4pt x 481.8pt>
File: ../it_l_t/prediction.pdf Graphic file (type pdf)
<use ../it_l_t/prediction.pdf>
Package pdftex.def Info: ../it_l_t/prediction.pdf  used on input line 1304.
(pdftex.def)             Requested size: 165.59853pt x 124.19905pt.
<../it_l_t/peak/peak_prediction.pdf, id=71, 642.4pt x 481.8pt>
File: ../it_l_t/peak/peak_prediction.pdf Graphic file (type pdf)
<use ../it_l_t/peak/peak_prediction.pdf>
Package pdftex.def Info: ../it_l_t/peak/peak_prediction.pdf  used on input line
 1307.
(pdftex.def)             Requested size: 165.59853pt x 124.19905pt.

LaTeX Warning: `!h' float specifier changed to `!ht'.

[8] [9 <../de_r_d/posterior.pdf> <../de_r_t/posterior.pdf> <../de_r_d/predictio
n.pdf> <../de_r_t/prediction.pdf> <../it_r_d/posterior.pdf> <../it_r_t/posterio
r.pdf>] [10 <../de_g_d/posterior.pdf> <../de_g_d/prediction.pdf> <../de_g_d/pea
k/peak_prediction.pdf>] [11 <../de_l_d/posterior.pdf> <../de_l_d/prediction.pdf
> <../de_l_d/peak/peak_prediction.pdf>] [12 <../de_g_t/posterior.pdf> <../de_g_
t/prediction.pdf> <../de_g_t/peak/peak_prediction.pdf>] [13 <../de_l_t/posterio
r.pdf> <../de_l_t/prediction.pdf> <../de_l_t/peak/peak_prediction.pdf>]
[14 <../it_g_d/posterior.pdf> <../it_g_d/prediction.pdf> <../it_g_d/peak/peak_p
rediction.pdf>] [15 <../it_l_d/posterior.pdf> <../it_l_d/prediction.pdf> <../it
_l_d/peak/peak_prediction.pdf>] [16 <../it_g_t/posterior.pdf> <../it_g_t/predic
tion.pdf> <../it_g_t/peak/peak_prediction.pdf>] [17 <../it_l_t/posterior.pdf> <
../it_l_t/prediction.pdf> <../it_l_t/peak/peak_prediction.pdf>]
(./corona_report.aux) ) 
Here is how much of TeX's memory you used:
 3748 strings out of 494871
 57620 string characters out of 6178382
 116947 words of memory out of 5000000
 7003 multiletter control sequences out of 15000+600000
 16441 words of font info for 61 fonts, out of 8000000 for 9000
 14 hyphenation exceptions out of 8191
 42i,7n,40p,571b,371s stack positions out of 5000i,500n,10000p,200000b,80000s
</usr/share/texlive/texmf-dist/fonts/type1/public/amsfon
ts/cm/cmbx10.pfb></usr/share/texlive/texmf-dist/fonts/type1/public/amsfonts/cm/
cmbx12.pfb></usr/share/texlive/texmf-dist/fonts/type1/public/amsfonts/cm/cmbx9.
pfb></usr/share/texlive/texmf-dist/fonts/type1/public/amsfonts/cm/cmbxti10.pfb>
</usr/share/texlive/texmf-dist/fonts/type1/public/amsfonts/cm/cmex10.pfb></usr/
share/texlive/texmf-dist/fonts/type1/public/amsfonts/cm/cmmi10.pfb></usr/share/
texlive/texmf-dist/fonts/type1/public/amsfonts/cm/cmmi5.pfb></usr/share/texlive
/texmf-dist/fonts/type1/public/amsfonts/cm/cmmi7.pfb></usr/share/texlive/texmf-
dist/fonts/type1/public/amsfonts/cm/cmmi9.pfb></usr/share/texlive/texmf-dist/fo
nts/type1/public/amsfonts/cm/cmr10.pfb></usr/share/texlive/texmf-dist/fonts/typ
e1/public/amsfonts/cm/cmr12.pfb></usr/share/texlive/texmf-dist/fonts/type1/publ
ic/amsfonts/cm/cmr17.pfb></usr/share/texlive/texmf-dist/fonts/type1/public/amsf
onts/cm/cmr5.pfb></usr/share/texlive/texmf-dist/fonts/type1/public/amsfonts/cm/
cmr7.pfb></usr/share/texlive/texmf-dist/fonts/type1/public/amsfonts/cm/cmr9.pfb
></usr/share/texlive/texmf-dist/fonts/type1/public/amsfonts/cm/cmsy10.pfb></usr
/share/texlive/texmf-dist/fonts/type1/public/amsfonts/cm/cmsy7.pfb></usr/share/
texlive/texmf-dist/fonts/type1/public/amsfonts/cm/cmti10.pfb></usr/share/texliv
e/texmf-dist/fonts/type1/public/amsfonts/cm/cmti9.pfb></usr/share/texlive/texmf
-dist/fonts/type1/public/amsfonts/symbols/msbm10.pfb></usr/share/texlive/texmf-
dist/fonts/type1/public/amsfonts/symbols/msbm7.pfb>
Output written on corona_report.pdf (17 pages, 1097049 bytes).
PDF statistics:
 446 PDF objects out of 1000 (max. 8388607)
 312 compressed objects within 4 object streams
 0 named destinations out of 1000 (max. 500000)
 151 words of extra memory for PDF output out of 10000 (max. 10000000)

