This is pdfTeX, Version 3.14159265-2.6-1.40.18 (TeX Live 2017/Debian) (preloaded format=pdflatex 2020.4.23)  18 MAY 2020 17:53
entering extended mode
 restricted \write18 enabled.
 %&-line parsing enabled.
**corona_report.tex
(./corona_report.tex
LaTeX2e <2017-04-15>
Babel <3.18> and hyphenation patterns for 8 language(s) loaded.
(/usr/share/texlive/texmf-dist/tex/latex/base/article.cls
Document Class: article 2014/09/29 v1.4h Standard LaTeX document class
(/usr/share/texlive/texmf-dist/tex/latex/base/size10.clo
File: size10.clo 2014/09/29 v1.4h Standard LaTeX file (size option)
)
\c@part=\count79
\c@section=\count80
\c@subsection=\count81
\c@subsubsection=\count82
\c@paragraph=\count83
\c@subparagraph=\count84
\c@figure=\count85
\c@table=\count86
\abovecaptionskip=\skip41
\belowcaptionskip=\skip42
\bibindent=\dimen102
)
(/usr/share/texlive/texmf-dist/tex/latex/graphics/graphicx.sty
Package: graphicx 2017/06/01 v1.1a Enhanced LaTeX Graphics (DPC,SPQR)

(/usr/share/texlive/texmf-dist/tex/latex/graphics/keyval.sty
Package: keyval 2014/10/28 v1.15 key=value parser (DPC)
\KV@toks@=\toks14
)
(/usr/share/texlive/texmf-dist/tex/latex/graphics/graphics.sty
Package: graphics 2017/06/25 v1.2c Standard LaTeX Graphics (DPC,SPQR)

(/usr/share/texlive/texmf-dist/tex/latex/graphics/trig.sty
Package: trig 2016/01/03 v1.10 sin cos tan (DPC)
)
(/usr/share/texlive/texmf-dist/tex/latex/graphics-cfg/graphics.cfg
File: graphics.cfg 2016/06/04 v1.11 sample graphics configuration
)
Package graphics Info: Driver file: pdftex.def on input line 99.

(/usr/share/texlive/texmf-dist/tex/latex/graphics-def/pdftex.def
File: pdftex.def 2018/01/08 v1.0l Graphics/color driver for pdftex
))
\Gin@req@height=\dimen103
\Gin@req@width=\dimen104
)
(/usr/share/texlive/texmf-dist/tex/latex/tools/verbatim.sty
Package: verbatim 2014/10/28 v1.5q LaTeX2e package for verbatim enhancements
\every@verbatim=\toks15
\verbatim@line=\toks16
\verbatim@in@stream=\read1
)
(/usr/share/texlive/texmf-dist/tex/latex/amscls/amsthm.sty
Package: amsthm 2017/10/31 v2.20.4
\thm@style=\toks17
\thm@bodyfont=\toks18
\thm@headfont=\toks19
\thm@notefont=\toks20
\thm@headpunct=\toks21
\thm@preskip=\skip43
\thm@postskip=\skip44
\thm@headsep=\skip45
\dth@everypar=\toks22
)
(/usr/share/texlive/texmf-dist/tex/latex/amsfonts/amssymb.sty
Package: amssymb 2013/01/14 v3.01 AMS font symbols

(/usr/share/texlive/texmf-dist/tex/latex/amsfonts/amsfonts.sty
Package: amsfonts 2013/01/14 v3.01 Basic AMSFonts support
\@emptytoks=\toks23
\symAMSa=\mathgroup4
\symAMSb=\mathgroup5
LaTeX Font Info:    Overwriting math alphabet `\mathfrak' in version `bold'
(Font)                  U/euf/m/n --> U/euf/b/n on input line 106.
))
(/usr/share/texlive/texmf-dist/tex/latex/amsmath/amsmath.sty
Package: amsmath 2017/09/02 v2.17a AMS math features
\@mathmargin=\skip46

For additional information on amsmath, use the `?' option.
(/usr/share/texlive/texmf-dist/tex/latex/amsmath/amstext.sty
Package: amstext 2000/06/29 v2.01 AMS text

(/usr/share/texlive/texmf-dist/tex/latex/amsmath/amsgen.sty
File: amsgen.sty 1999/11/30 v2.0 generic functions
\@emptytoks=\toks24
\ex@=\dimen105
))
(/usr/share/texlive/texmf-dist/tex/latex/amsmath/amsbsy.sty
Package: amsbsy 1999/11/29 v1.2d Bold Symbols
\pmbraise@=\dimen106
)
(/usr/share/texlive/texmf-dist/tex/latex/amsmath/amsopn.sty
Package: amsopn 2016/03/08 v2.02 operator names
)
\inf@bad=\count87
LaTeX Info: Redefining \frac on input line 213.
\uproot@=\count88
\leftroot@=\count89
LaTeX Info: Redefining \overline on input line 375.
\classnum@=\count90
\DOTSCASE@=\count91
LaTeX Info: Redefining \ldots on input line 472.
LaTeX Info: Redefining \dots on input line 475.
LaTeX Info: Redefining \cdots on input line 596.
\Mathstrutbox@=\box26
\strutbox@=\box27
\big@size=\dimen107
LaTeX Font Info:    Redeclaring font encoding OML on input line 712.
LaTeX Font Info:    Redeclaring font encoding OMS on input line 713.
\macc@depth=\count92
\c@MaxMatrixCols=\count93
\dotsspace@=\muskip10
\c@parentequation=\count94
\dspbrk@lvl=\count95
\tag@help=\toks25
\row@=\count96
\column@=\count97
\maxfields@=\count98
\andhelp@=\toks26
\eqnshift@=\dimen108
\alignsep@=\dimen109
\tagshift@=\dimen110
\tagwidth@=\dimen111
\totwidth@=\dimen112
\lineht@=\dimen113
\@envbody=\toks27
\multlinegap=\skip47
\multlinetaggap=\skip48
\mathdisplay@stack=\toks28
LaTeX Info: Redefining \[ on input line 2817.
LaTeX Info: Redefining \] on input line 2818.
)
\c@deff=\count99

(/usr/share/texlive/texmf-dist/tex/latex/caption/subcaption.sty
Package: subcaption 2016/05/22 v1.1-161 Sub-captions (AR)

(/usr/share/texlive/texmf-dist/tex/latex/caption/caption.sty
Package: caption 2016/02/21 v3.3-144 Customizing captions (AR)

(/usr/share/texlive/texmf-dist/tex/latex/caption/caption3.sty
Package: caption3 2016/05/22 v1.7-166 caption3 kernel (AR)
Package caption3 Info: TeX engine: e-TeX on input line 67.
\captionmargin=\dimen114
\captionmargin@=\dimen115
\captionwidth=\dimen116
\caption@tempdima=\dimen117
\caption@indent=\dimen118
\caption@parindent=\dimen119
\caption@hangindent=\dimen120
)
\c@ContinuedFloat=\count100
)
\c@subfigure=\count101
\c@subtable=\count102
)
\c@definition=\count103
\c@Proposition=\count104


LaTeX Warning: Unused global option(s):
    [8pt].

(./corona_report.aux)
\openout1 = `corona_report.aux'.

LaTeX Font Info:    Checking defaults for OML/cmm/m/it on input line 21.
LaTeX Font Info:    ... okay on input line 21.
LaTeX Font Info:    Checking defaults for T1/cmr/m/n on input line 21.
LaTeX Font Info:    ... okay on input line 21.
LaTeX Font Info:    Checking defaults for OT1/cmr/m/n on input line 21.
LaTeX Font Info:    ... okay on input line 21.
LaTeX Font Info:    Checking defaults for OMS/cmsy/m/n on input line 21.
LaTeX Font Info:    ... okay on input line 21.
LaTeX Font Info:    Checking defaults for OMX/cmex/m/n on input line 21.
LaTeX Font Info:    ... okay on input line 21.
LaTeX Font Info:    Checking defaults for U/cmr/m/n on input line 21.
LaTeX Font Info:    ... okay on input line 21.

(/usr/share/texlive/texmf-dist/tex/context/base/mkii/supp-pdf.mkii
[Loading MPS to PDF converter (version 2006.09.02).]
\scratchcounter=\count105
\scratchdimen=\dimen121
\scratchbox=\box28
\nofMPsegments=\count106
\nofMParguments=\count107
\everyMPshowfont=\toks29
\MPscratchCnt=\count108
\MPscratchDim=\dimen122
\MPnumerator=\count109
\makeMPintoPDFobject=\count110
\everyMPtoPDFconversion=\toks30
) (/usr/share/texlive/texmf-dist/tex/latex/oberdiek/epstopdf-base.sty
Package: epstopdf-base 2016/05/15 v2.6 Base part for package epstopdf

(/usr/share/texlive/texmf-dist/tex/generic/oberdiek/infwarerr.sty
Package: infwarerr 2016/05/16 v1.4 Providing info/warning/error messages (HO)
)
(/usr/share/texlive/texmf-dist/tex/latex/oberdiek/grfext.sty
Package: grfext 2016/05/16 v1.2 Manage graphics extensions (HO)

(/usr/share/texlive/texmf-dist/tex/generic/oberdiek/kvdefinekeys.sty
Package: kvdefinekeys 2016/05/16 v1.4 Define keys (HO)

(/usr/share/texlive/texmf-dist/tex/generic/oberdiek/ltxcmds.sty
Package: ltxcmds 2016/05/16 v1.23 LaTeX kernel commands for general use (HO)
)))
(/usr/share/texlive/texmf-dist/tex/latex/oberdiek/kvoptions.sty
Package: kvoptions 2016/05/16 v3.12 Key value format for package options (HO)

(/usr/share/texlive/texmf-dist/tex/generic/oberdiek/kvsetkeys.sty
Package: kvsetkeys 2016/05/16 v1.17 Key value parser (HO)

(/usr/share/texlive/texmf-dist/tex/generic/oberdiek/etexcmds.sty
Package: etexcmds 2016/05/16 v1.6 Avoid name clashes with e-TeX commands (HO)

(/usr/share/texlive/texmf-dist/tex/generic/oberdiek/ifluatex.sty
Package: ifluatex 2016/05/16 v1.4 Provides the ifluatex switch (HO)
Package ifluatex Info: LuaTeX not detected.
)
Package etexcmds Info: Could not find \expanded.
(etexcmds)             That can mean that you are not using pdfTeX 1.50 or
(etexcmds)             that some package has redefined \expanded.
(etexcmds)             In the latter case, load this package earlier.
)))
(/usr/share/texlive/texmf-dist/tex/generic/oberdiek/pdftexcmds.sty
Package: pdftexcmds 2018/01/21 v0.26 Utility functions of pdfTeX for LuaTeX (HO
)

(/usr/share/texlive/texmf-dist/tex/generic/oberdiek/ifpdf.sty
Package: ifpdf 2017/03/15 v3.2 Provides the ifpdf switch
)
Package pdftexcmds Info: LuaTeX not detected.
Package pdftexcmds Info: \pdf@primitive is available.
Package pdftexcmds Info: \pdf@ifprimitive is available.
Package pdftexcmds Info: \pdfdraftmode found.
)
Package epstopdf-base Info: Redefining graphics rule for `.eps' on input line 4
38.
Package grfext Info: Graphics extension search list:
(grfext)             [.pdf,.png,.jpg,.mps,.jpeg,.jbig2,.jb2,.PDF,.PNG,.JPG,.JPE
G,.JBIG2,.JB2,.eps]
(grfext)             \AppendGraphicsExtensions on input line 456.

(/usr/share/texlive/texmf-dist/tex/latex/latexconfig/epstopdf-sys.cfg
File: epstopdf-sys.cfg 2010/07/13 v1.3 Configuration of (r)epstopdf for TeX Liv
e
))
Package caption Info: Begin \AtBeginDocument code.
Package caption Info: End \AtBeginDocument code.
LaTeX Font Info:    Try loading font information for U+msa on input line 22.

(/usr/share/texlive/texmf-dist/tex/latex/amsfonts/umsa.fd
File: umsa.fd 2013/01/14 v3.01 AMS symbols A
)
LaTeX Font Info:    Try loading font information for U+msb on input line 22.

(/usr/share/texlive/texmf-dist/tex/latex/amsfonts/umsb.fd
File: umsb.fd 2013/01/14 v3.01 AMS symbols B
)

LaTeX Warning: No \author given.

[1

{/var/lib/texmf/fonts/map/pdftex/updmap/pdftex.map}] [2] [3] [4]
Overfull \hbox (7.1118pt too wide) in paragraph at lines 429--433
\OT1/cmr/m/n/10 of the ini-tial data that we read ac-tu-ally be-longs to an-oth
er model/trajectory; 
 []

[5] [6]
<../tuned/de/8-14/8-14.pdf, id=39, 642.4pt x 481.8pt>
File: ../tuned/de/8-14/8-14.pdf Graphic file (type pdf)
<use ../tuned/de/8-14/8-14.pdf>
Package pdftex.def Info: ../tuned/de/8-14/8-14.pdf  used on input line 550.
(pdftex.def)             Requested size: 155.24895pt x 116.43568pt.
<../tuned/de/8-21/8-21.pdf, id=40, 642.4pt x 481.8pt>
File: ../tuned/de/8-21/8-21.pdf Graphic file (type pdf)
<use ../tuned/de/8-21/8-21.pdf>
Package pdftex.def Info: ../tuned/de/8-21/8-21.pdf  used on input line 553.
(pdftex.def)             Requested size: 155.24895pt x 116.43568pt.
<../tuned/de/8-28/8-28.pdf, id=41, 642.4pt x 481.8pt>
File: ../tuned/de/8-28/8-28.pdf Graphic file (type pdf)
<use ../tuned/de/8-28/8-28.pdf>
Package pdftex.def Info: ../tuned/de/8-28/8-28.pdf  used on input line 556.
(pdftex.def)             Requested size: 155.24895pt x 116.43568pt.
<../tuned/it/1-7/1-7.pdf, id=42, 642.4pt x 481.8pt>
File: ../tuned/it/1-7/1-7.pdf Graphic file (type pdf)
<use ../tuned/it/1-7/1-7.pdf>
Package pdftex.def Info: ../tuned/it/1-7/1-7.pdf  used on input line 564.
(pdftex.def)             Requested size: 155.24895pt x 116.43568pt.
<../tuned/it/1-14/1-14.pdf, id=43, 642.4pt x 481.8pt>
File: ../tuned/it/1-14/1-14.pdf Graphic file (type pdf)
<use ../tuned/it/1-14/1-14.pdf>
Package pdftex.def Info: ../tuned/it/1-14/1-14.pdf  used on input line 567.
(pdftex.def)             Requested size: 155.24895pt x 116.43568pt.
<../tuned/it/1-21/1-21.pdf, id=44, 642.4pt x 481.8pt>
File: ../tuned/it/1-21/1-21.pdf Graphic file (type pdf)
<use ../tuned/it/1-21/1-21.pdf>
Package pdftex.def Info: ../tuned/it/1-21/1-21.pdf  used on input line 570.
(pdftex.def)             Requested size: 155.24895pt x 116.43568pt.


LaTeX Warning: `!h' float specifier changed to `!ht'.

<../tuned/fr/3-9/3-9.pdf, id=45, 642.4pt x 481.8pt>
File: ../tuned/fr/3-9/3-9.pdf Graphic file (type pdf)
<use ../tuned/fr/3-9/3-9.pdf>
Package pdftex.def Info: ../tuned/fr/3-9/3-9.pdf  used on input line 578.
(pdftex.def)             Requested size: 155.24895pt x 116.43568pt.
<../tuned/fr/3-16/3-16.pdf, id=46, 642.4pt x 481.8pt>
File: ../tuned/fr/3-16/3-16.pdf Graphic file (type pdf)
<use ../tuned/fr/3-16/3-16.pdf>
Package pdftex.def Info: ../tuned/fr/3-16/3-16.pdf  used on input line 581.
(pdftex.def)             Requested size: 155.24895pt x 116.43568pt.
<../tuned/fr/3-23/3-23.pdf, id=47, 642.4pt x 481.8pt>
File: ../tuned/fr/3-23/3-23.pdf Graphic file (type pdf)
<use ../tuned/fr/3-23/3-23.pdf>
Package pdftex.def Info: ../tuned/fr/3-23/3-23.pdf  used on input line 584.
(pdftex.def)             Requested size: 155.24895pt x 116.43568pt.

LaTeX Warning: `!h' float specifier changed to `!ht'.

<../tuned/sp/1-7/1-7.pdf, id=48, 642.4pt x 481.8pt>
File: ../tuned/sp/1-7/1-7.pdf Graphic file (type pdf)
<use ../tuned/sp/1-7/1-7.pdf>
Package pdftex.def Info: ../tuned/sp/1-7/1-7.pdf  used on input line 593.
(pdftex.def)             Requested size: 155.24895pt x 116.43568pt.
<../tuned/sp/1-14/1-14.pdf, id=49, 642.4pt x 481.8pt>
File: ../tuned/sp/1-14/1-14.pdf Graphic file (type pdf)
<use ../tuned/sp/1-14/1-14.pdf>
Package pdftex.def Info: ../tuned/sp/1-14/1-14.pdf  used on input line 596.
(pdftex.def)             Requested size: 155.24895pt x 116.43568pt.
<../tuned/sp/1-21/1-21.pdf, id=50, 642.4pt x 481.8pt>
File: ../tuned/sp/1-21/1-21.pdf Graphic file (type pdf)
<use ../tuned/sp/1-21/1-21.pdf>
Package pdftex.def Info: ../tuned/sp/1-21/1-21.pdf  used on input line 599.
(pdftex.def)             Requested size: 155.24895pt x 116.43568pt.

LaTeX Warning: `!h' float specifier changed to `!ht'.

<../tuned/uk/9-15/9-15.pdf, id=51, 642.4pt x 481.8pt>
File: ../tuned/uk/9-15/9-15.pdf Graphic file (type pdf)
<use ../tuned/uk/9-15/9-15.pdf>
Package pdftex.def Info: ../tuned/uk/9-15/9-15.pdf  used on input line 608.
(pdftex.def)             Requested size: 155.24895pt x 116.43568pt.
<../tuned/uk/9-22/9-22.pdf, id=52, 642.4pt x 481.8pt>
File: ../tuned/uk/9-22/9-22.pdf Graphic file (type pdf)
<use ../tuned/uk/9-22/9-22.pdf>
Package pdftex.def Info: ../tuned/uk/9-22/9-22.pdf  used on input line 611.
(pdftex.def)             Requested size: 155.24895pt x 116.43568pt.
<../tuned/uk/9-29/9-29.pdf, id=53, 642.4pt x 481.8pt>
File: ../tuned/uk/9-29/9-29.pdf Graphic file (type pdf)
<use ../tuned/uk/9-29/9-29.pdf>
Package pdftex.def Info: ../tuned/uk/9-29/9-29.pdf  used on input line 614.
(pdftex.def)             Requested size: 155.24895pt x 116.43568pt.

LaTeX Warning: `!h' float specifier changed to `!ht'.

[7 <../tuned/de/8-14/8-14.pdf> <../tuned/de/8-21/8-21.pdf> <../tuned/de/8-28/8-
28.pdf>]

LaTeX Warning: Text page 8 contains only floats.

[8 <../tuned/it/1-7/1-7.pdf> <../tuned/it/1-14/1-14.pdf> <../tuned/it/1-21/1-21
.pdf> <../tuned/fr/3-9/3-9.pdf> <../tuned/fr/3-16/3-16.pdf> <../tuned/fr/3-23/3
-23.pdf>]

LaTeX Warning: Text page 9 contains only floats.

[9 <../tuned/sp/1-7/1-7.pdf> <../tuned/sp/1-14/1-14.pdf> <../tuned/sp/1-21/1-21
.pdf> <../tuned/uk/9-15/9-15.pdf> <../tuned/uk/9-22/9-22.pdf> <../tuned/uk/9-29
/9-29.pdf>] (./corona_report.aux) ) 
Here is how much of TeX's memory you used:
 3682 strings out of 494871
 55165 string characters out of 6178382
 109938 words of memory out of 5000000
 6937 multiletter control sequences out of 15000+600000
 14850 words of font info for 55 fonts, out of 8000000 for 9000
 14 hyphenation exceptions out of 8191
 42i,7n,40p,302b,371s stack positions out of 5000i,500n,10000p,200000b,80000s
</usr/share/texlive/texmf-dist/fonts/type1/p
ublic/amsfonts/cm/cmbx10.pfb></usr/share/texlive/texmf-dist/fonts/type1/public/
amsfonts/cm/cmbx12.pfb></usr/share/texlive/texmf-dist/fonts/type1/public/amsfon
ts/cm/cmbx9.pfb></usr/share/texlive/texmf-dist/fonts/type1/public/amsfonts/cm/c
mbxti10.pfb></usr/share/texlive/texmf-dist/fonts/type1/public/amsfonts/cm/cmex1
0.pfb></usr/share/texlive/texmf-dist/fonts/type1/public/amsfonts/cm/cmmi10.pfb>
</usr/share/texlive/texmf-dist/fonts/type1/public/amsfonts/cm/cmmi12.pfb></usr/
share/texlive/texmf-dist/fonts/type1/public/amsfonts/cm/cmmi5.pfb></usr/share/t
exlive/texmf-dist/fonts/type1/public/amsfonts/cm/cmmi7.pfb></usr/share/texlive/
texmf-dist/fonts/type1/public/amsfonts/cm/cmr10.pfb></usr/share/texlive/texmf-d
ist/fonts/type1/public/amsfonts/cm/cmr12.pfb></usr/share/texlive/texmf-dist/fon
ts/type1/public/amsfonts/cm/cmr17.pfb></usr/share/texlive/texmf-dist/fonts/type
1/public/amsfonts/cm/cmr5.pfb></usr/share/texlive/texmf-dist/fonts/type1/public
/amsfonts/cm/cmr7.pfb></usr/share/texlive/texmf-dist/fonts/type1/public/amsfont
s/cm/cmr9.pfb></usr/share/texlive/texmf-dist/fonts/type1/public/amsfonts/cm/cms
y10.pfb></usr/share/texlive/texmf-dist/fonts/type1/public/amsfonts/cm/cmsy7.pfb
></usr/share/texlive/texmf-dist/fonts/type1/public/amsfonts/cm/cmti10.pfb></usr
/share/texlive/texmf-dist/fonts/type1/public/amsfonts/symbols/msbm10.pfb></usr/
share/texlive/texmf-dist/fonts/type1/public/amsfonts/symbols/msbm7.pfb>
Output written on corona_report.pdf (9 pages, 411512 bytes).
PDF statistics:
 265 PDF objects out of 1000 (max. 8388607)
 187 compressed objects within 2 object streams
 0 named destinations out of 1000 (max. 500000)
 76 words of extra memory for PDF output out of 10000 (max. 10000000)

